Started GET "/" for 127.0.0.1 at 2022-08-25 10:05:02 +0300
  [1m[36mActiveRecord::SchemaMigration Pluck (7.5ms)[0m  [1m[34mSELECT "schema_migrations"."version" FROM "schema_migrations" ORDER BY "schema_migrations"."version" ASC[0m
Processing by Rails::WelcomeController#index as HTML
  Rendering /Users/esther/.rvm/gems/ruby-2.7.4/gems/railties-7.0.3.1/lib/rails/templates/rails/welcome/index.html.erb
  Rendered /Users/esther/.rvm/gems/ruby-2.7.4/gems/railties-7.0.3.1/lib/rails/templates/rails/welcome/index.html.erb (Duration: 4.7ms | Allocations: 626)
Completed 200 OK in 26ms (Views: 14.5ms | ActiveRecord: 0.0ms | Allocations: 3342)


Started GET "/employers" for 127.0.0.1 at 2022-08-25 10:05:09 +0300
Processing by EmployersController#index as HTML
  [1m[36mEmployer Load (46.6ms)[0m  [1m[34mSELECT "employers".* FROM "employers"[0m
  ↳ app/controllers/employers_controller.rb:7:in `index'
[active_model_serializers]   [1m[36mJobSeeker Load (45.0ms)[0m  [1m[34mSELECT "job_seekers".* FROM "job_seekers" WHERE "job_seekers"."employer_id" = $1[0m  [["employer_id", 1]]
[active_model_serializers]   ↳ app/controllers/employers_controller.rb:7:in `index'
[active_model_serializers]   [1m[36mJobSeeker Load (5.8ms)[0m  [1m[34mSELECT "job_seekers".* FROM "job_seekers" WHERE "job_seekers"."employer_id" = $1[0m  [["employer_id", 2]]
[active_model_serializers]   ↳ app/controllers/employers_controller.rb:7:in `index'
[active_model_serializers] Rendered ActiveModel::Serializer::CollectionSerializer with ActiveModelSerializers::Adapter::Attributes (102.78ms)
Completed 200 OK in 285ms (Views: 108.7ms | ActiveRecord: 144.5ms | Allocations: 28153)


Started GET "/favicon.ico" for 127.0.0.1 at 2022-08-25 10:05:10 +0300
  
ActionController::RoutingError (No route matches [GET] "/favicon.ico"):
  
Started GET "/job_seekers" for 127.0.0.1 at 2022-08-25 10:05:26 +0300
Processing by JobSeekersController#index as HTML
  [1m[36mJobSeeker Load (1.7ms)[0m  [1m[34mSELECT "job_seekers".* FROM "job_seekers" ORDER BY "job_seekers"."id" DESC[0m
  ↳ app/controllers/job_seekers_controller.rb:7:in `index'
[active_model_serializers]   [1m[36mProfile Load (1.8ms)[0m  [1m[34mSELECT "profiles".* FROM "profiles" WHERE "profiles"."job_seeker_id" = $1 LIMIT $2[0m  [["job_seeker_id", 7], ["LIMIT", 1]]
[active_model_serializers]   ↳ app/controllers/job_seekers_controller.rb:7:in `index'
[active_model_serializers]   [1m[36mProfile Load (0.4ms)[0m  [1m[34mSELECT "profiles".* FROM "profiles" WHERE "profiles"."job_seeker_id" = $1 LIMIT $2[0m  [["job_seeker_id", 6], ["LIMIT", 1]]
[active_model_serializers]   ↳ app/controllers/job_seekers_controller.rb:7:in `index'
[active_model_serializers]   [1m[36mProfile Load (27.7ms)[0m  [1m[34mSELECT "profiles".* FROM "profiles" WHERE "profiles"."job_seeker_id" = $1 LIMIT $2[0m  [["job_seeker_id", 5], ["LIMIT", 1]]
[active_model_serializers]   ↳ app/controllers/job_seekers_controller.rb:7:in `index'
[active_model_serializers]   [1m[36mProfile Load (0.7ms)[0m  [1m[34mSELECT "profiles".* FROM "profiles" WHERE "profiles"."job_seeker_id" = $1 LIMIT $2[0m  [["job_seeker_id", 4], ["LIMIT", 1]]
[active_model_serializers]   ↳ app/controllers/job_seekers_controller.rb:7:in `index'
[active_model_serializers]   [1m[36mProfile Load (3.3ms)[0m  [1m[34mSELECT "profiles".* FROM "profiles" WHERE "profiles"."job_seeker_id" = $1 LIMIT $2[0m  [["job_seeker_id", 3], ["LIMIT", 1]]
[active_model_serializers]   ↳ app/controllers/job_seekers_controller.rb:7:in `index'
[active_model_serializers]   [1m[36mProfile Load (0.3ms)[0m  [1m[34mSELECT "profiles".* FROM "profiles" WHERE "profiles"."job_seeker_id" = $1 LIMIT $2[0m  [["job_seeker_id", 2], ["LIMIT", 1]]
[active_model_serializers]   ↳ app/controllers/job_seekers_controller.rb:7:in `index'
[active_model_serializers]   [1m[36mProfile Load (0.3ms)[0m  [1m[34mSELECT "profiles".* FROM "profiles" WHERE "profiles"."job_seeker_id" = $1 LIMIT $2[0m  [["job_seeker_id", 1], ["LIMIT", 1]]
[active_model_serializers]   ↳ app/controllers/job_seekers_controller.rb:7:in `index'
[active_model_serializers] Rendered ActiveModel::Serializer::CollectionSerializer with ActiveModelSerializers::Adapter::Attributes (224.47ms)
Completed 200 OK in 309ms (Views: 144.2ms | ActiveRecord: 161.1ms | Allocations: 18825)


Started GET "/admins" for 127.0.0.1 at 2022-08-25 10:05:38 +0300
Processing by AdminsController#index as HTML
  [1m[36mAdmin Load (123.9ms)[0m  [1m[34mSELECT "admins".* FROM "admins"[0m
  ↳ app/controllers/admins_controller.rb:7:in `index'
[active_model_serializers]   [1m[36mEmployer Load (0.2ms)[0m  [1m[34mSELECT "employers".* FROM "employers" WHERE "employers"."admin_id" = $1[0m  [["admin_id", 1]]
[active_model_serializers]   ↳ app/controllers/admins_controller.rb:7:in `index'
[active_model_serializers]   [1m[36mEmployer Load (0.4ms)[0m  [1m[34mSELECT "employers".* FROM "employers" WHERE "employers"."admin_id" = $1[0m  [["admin_id", 2]]
[active_model_serializers]   ↳ app/controllers/admins_controller.rb:7:in `index'
[active_model_serializers]   [1m[36mEmployer Load (0.3ms)[0m  [1m[34mSELECT "employers".* FROM "employers" WHERE "employers"."admin_id" = $1[0m  [["admin_id", 3]]
[active_model_serializers]   ↳ app/controllers/admins_controller.rb:7:in `index'
[active_model_serializers]   [1m[36mEmployer Load (0.3ms)[0m  [1m[34mSELECT "employers".* FROM "employers" WHERE "employers"."admin_id" = $1[0m  [["admin_id", 4]]
[active_model_serializers]   ↳ app/controllers/admins_controller.rb:7:in `index'
[active_model_serializers] Rendered ActiveModel::Serializer::CollectionSerializer with ActiveModelSerializers::Adapter::Attributes (25.45ms)
Completed 200 OK in 260ms (Views: 48.8ms | ActiveRecord: 138.8ms | Allocations: 9882)


